<?xml version="1.0" encoding="UTF-8"?>
<!-- Generated by org.testng.reporters.JUnitReportReporter -->
<testsuite hostname="Vipin-PC" failures="0" tests="5" name="runner.TestRunner" time="75.700" errors="0" timestamp="2024-10-26T16:30:16 IST" skipped="0">
  <testcase classname="runner.TestRunner" name="runScenario" time="10.389"/>
  <testcase classname="runner.TestRunner" name="runScenario" time="11.805"/>
  <testcase classname="runner.TestRunner" name="runScenario" time="26.072"/>
  <testcase classname="runner.TestRunner" name="runScenario" time="12.799"/>
  <testcase classname="runner.TestRunner" name="runScenario" time="14.635"/>
</testsuite> <!-- runner.TestRunner -->
